# JRE version: Java(TM) SE Runtime Environment (14.0.2+12) (build 14.0.2+12-46)
# Java VM: Java HotSpot(TM) 64-Bit Server VM (14.0.2+12-46, mixed mode, sharing, tiered, compressed oops, g1 gc, windows-amd64)
Heap:
 garbage-first heap   total 631808K, used 377856K [0x00000000c9400000, 0x0000000100000000)
  region size 1024K, 8 young (8192K), 6 survivors (6144K)
 Metaspace       used 531K, capacity 4667K, committed 4864K, reserved 1056768K
  class space    used 49K, capacity 425K, committed 512K, reserved 1048576K
GC Heap History (20 events):
Event: 0.490 GC heap before
{Heap before GC invocations=7 (full 0):
 garbage-first heap   total 107520K, used 70656K [0x00000000c9400000, 0x0000000100000000)
  region size 1024K, 12 young (12288K), 3 survivors (3072K)
 Metaspace       used 530K, capacity 4667K, committed 4864K, reserved 1056768K
  class space    used 49K, capacity 425K, committed 512K, reserved 1048576K
}
Event: 0.496 GC heap after
{Heap after GC invocations=8 (full 0):
 garbage-first heap   total 107520K, used 70656K [0x00000000c9400000, 0x0000000100000000)
  region size 1024K, 2 young (2048K), 2 survivors (2048K)
 Metaspace       used 530K, capacity 4667K, committed 4864K, reserved 1056768K
  class space    used 49K, capacity 425K, committed 512K, reserved 1048576K
}
Event: 0.529 GC heap before
{Heap before GC invocations=9 (full 0):
 garbage-first heap   total 119808K, used 76800K [0x00000000c9400000, 0x0000000100000000)
  region size 1024K, 9 young (9216K), 2 survivors (2048K)
 Metaspace       used 530K, capacity 4667K, committed 4864K, reserved 1056768K
  class space    used 49K, capacity 425K, committed 512K, reserved 1048576K
}
Event: 0.536 GC heap after
{Heap after GC invocations=10 (full 0):
 garbage-first heap   total 239616K, used 78336K [0x00000000c9400000, 0x0000000100000000)
  region size 1024K, 2 young (2048K), 2 survivors (2048K)
 Metaspace       used 530K, capacity 4667K, committed 4864K, reserved 1056768K
  class space    used 49K, capacity 425K, committed 512K, reserved 1048576K
}
Event: 0.677 GC heap before
{Heap before GC invocations=10 (full 0):
 garbage-first heap   total 239616K, used 119296K [0x00000000c9400000, 0x0000000100000000)
  region size 1024K, 42 young (43008K), 2 survivors (2048K)
 Metaspace       used 530K, capacity 4667K, committed 4864K, reserved 1056768K
  class space    used 49K, capacity 425K, committed 512K, reserved 1048576K
}
Event: 0.697 GC heap after
{Heap after GC invocations=11 (full 0):
 garbage-first heap   total 239616K, used 119296K [0x00000000c9400000, 0x0000000100000000)
  region size 1024K, 6 young (6144K), 6 survivors (6144K)
 Metaspace       used 530K, capacity 4667K, committed 4864K, reserved 1056768K
  class space    used 49K, capacity 425K, committed 512K, reserved 1048576K
}
Event: 0.888 GC heap before
{Heap before GC invocations=11 (full 0):
 garbage-first heap   total 239616K, used 147968K [0x00000000c9400000, 0x0000000100000000)
  region size 1024K, 34 young (34816K), 6 survivors (6144K)
 Metaspace       used 530K, capacity 4667K, committed 4864K, reserved 1056768K
  class space    used 49K, capacity 425K, committed 512K, reserved 1048576K
}
Event: 0.920 GC heap after
{Heap after GC invocations=12 (full 0):
 garbage-first heap   total 239616K, used 147968K [0x00000000c9400000, 0x0000000100000000)
  region size 1024K, 5 young (5120K), 5 survivors (5120K)
 Metaspace       used 530K, capacity 4667K, committed 4864K, reserved 1056768K
  class space    used 49K, capacity 425K, committed 512K, reserved 1048576K
}
Event: 1.416 GC heap before
{Heap before GC invocations=13 (full 0):
 garbage-first heap   total 249856K, used 167424K [0x00000000c9400000, 0x0000000100000000)
  region size 1024K, 24 young (24576K), 5 survivors (5120K)
 Metaspace       used 530K, capacity 4667K, committed 4864K, reserved 1056768K
  class space    used 49K, capacity 425K, committed 512K, reserved 1048576K
}
Event: 1.434 GC heap after
{Heap after GC invocations=14 (full 0):
 garbage-first heap   total 249856K, used 167936K [0x00000000c9400000, 0x0000000100000000)
  region size 1024K, 3 young (3072K), 3 survivors (3072K)
 Metaspace       used 530K, capacity 4667K, committed 4864K, reserved 1056768K
  class space    used 49K, capacity 425K, committed 512K, reserved 1048576K
}
Event: 1.568 GC heap before
{Heap before GC invocations=14 (full 0):
 garbage-first heap   total 249856K, used 184320K [0x00000000c9400000, 0x0000000100000000)
  region size 1024K, 19 young (19456K), 3 survivors (3072K)
 Metaspace       used 530K, capacity 4667K, committed 4864K, reserved 1056768K
  class space    used 49K, capacity 425K, committed 512K, reserved 1048576K
}
Event: 1.584 GC heap after
{Heap after GC invocations=15 (full 0):
 garbage-first heap   total 468992K, used 184320K [0x00000000c9400000, 0x0000000100000000)
  region size 1024K, 3 young (3072K), 3 survivors (3072K)
 Metaspace       used 530K, capacity 4667K, committed 4864K, reserved 1056768K
  class space    used 49K, capacity 425K, committed 512K, reserved 1048576K
}
Event: 2.998 GC heap before
{Heap before GC invocations=16 (full 0):
 garbage-first heap   total 468992K, used 257024K [0x00000000c9400000, 0x0000000100000000)
  region size 1024K, 74 young (75776K), 3 survivors (3072K)
 Metaspace       used 530K, capacity 4667K, committed 4864K, reserved 1056768K
  class space    used 49K, capacity 425K, committed 512K, reserved 1048576K
}
Event: 3.052 GC heap after
{Heap after GC invocations=17 (full 0):
 garbage-first heap   total 468992K, used 256512K [0x00000000c9400000, 0x0000000100000000)
  region size 1024K, 10 young (10240K), 10 survivors (10240K)
 Metaspace       used 530K, capacity 4667K, committed 4864K, reserved 1056768K
  class space    used 49K, capacity 425K, committed 512K, reserved 1048576K
}
Event: 3.454 GC heap before
{Heap before GC invocations=17 (full 0):
 garbage-first heap   total 468992K, used 306688K [0x00000000c9400000, 0x0000000100000000)
  region size 1024K, 59 young (60416K), 10 survivors (10240K)
 Metaspace       used 530K, capacity 4667K, committed 4864K, reserved 1056768K
  class space    used 49K, capacity 425K, committed 512K, reserved 1048576K
}
Event: 3.515 GC heap after
{Heap after GC invocations=18 (full 0):
 garbage-first heap   total 468992K, used 306688K [0x00000000c9400000, 0x0000000100000000)
  region size 1024K, 8 young (8192K), 8 survivors (8192K)
 Metaspace       used 530K, capacity 4667K, committed 4864K, reserved 1056768K
  class space    used 49K, capacity 425K, committed 512K, reserved 1048576K
}
Event: 4.882 GC heap before
{Heap before GC invocations=19 (full 0):
 garbage-first heap   total 514048K, used 339456K [0x00000000c9400000, 0x0000000100000000)
  region size 1024K, 40 young (40960K), 8 survivors (8192K)
 Metaspace       used 530K, capacity 4667K, committed 4864K, reserved 1056768K
  class space    used 49K, capacity 425K, committed 512K, reserved 1048576K
}
Event: 4.907 GC heap after
{Heap after GC invocations=20 (full 0):
 garbage-first heap   total 514048K, used 339968K [0x00000000c9400000, 0x0000000100000000)
  region size 1024K, 5 young (5120K), 5 survivors (5120K)
 Metaspace       used 530K, capacity 4667K, committed 4864K, reserved 1056768K
  class space    used 49K, capacity 425K, committed 512K, reserved 1048576K
}
Event: 5.019 GC heap before
{Heap before GC invocations=20 (full 0):
 garbage-first heap   total 514048K, used 376832K [0x00000000c9400000, 0x0000000100000000)
  region size 1024K, 41 young (41984K), 5 survivors (5120K)
 Metaspace       used 530K, capacity 4667K, committed 4864K, reserved 1056768K
  class space    used 49K, capacity 425K, committed 512K, reserved 1048576K
}
Event: 5.042 GC heap after
{Heap after GC invocations=21 (full 0):
 garbage-first heap   total 514048K, used 376832K [0x00000000c9400000, 0x0000000100000000)
  region size 1024K, 6 young (6144K), 6 survivors (6144K)
 Metaspace       used 530K, capacity 4667K, committed 4864K, reserved 1056768K
  class space    used 49K, capacity 425K, committed 512K, reserved 1048576K
}

