# JRE version: Java(TM) SE Runtime Environment (14.0.2+12) (build 14.0.2+12-46)
# Java VM: Java HotSpot(TM) 64-Bit Server VM (14.0.2+12-46, mixed mode, sharing, tiered, compressed oops, g1 gc, windows-amd64)
Heap:
 garbage-first heap   total 485376K, used 154112K [0x00000000c9400000, 0x0000000100000000)
  region size 1024K, 3 young (3072K), 3 survivors (3072K)
 Metaspace       used 541K, capacity 4667K, committed 4864K, reserved 1056768K
  class space    used 49K, capacity 425K, committed 512K, reserved 1048576K
GC Heap History (20 events):
Event: 0.491 GC heap after
{Heap after GC invocations=3 (full 0):
 garbage-first heap   total 57344K, used 14453K [0x00000000c9400000, 0x0000000100000000)
  region size 1024K, 1 young (1024K), 1 survivors (1024K)
 Metaspace       used 538K, capacity 4667K, committed 4864K, reserved 1056768K
  class space    used 49K, capacity 425K, committed 512K, reserved 1048576K
}
Event: 0.522 GC heap before
{Heap before GC invocations=3 (full 0):
 garbage-first heap   total 57344K, used 22645K [0x00000000c9400000, 0x0000000100000000)
  region size 1024K, 10 young (10240K), 1 survivors (1024K)
 Metaspace       used 541K, capacity 4667K, committed 4864K, reserved 1056768K
  class space    used 49K, capacity 425K, committed 512K, reserved 1048576K
}
Event: 0.537 GC heap after
{Heap after GC invocations=4 (full 0):
 garbage-first heap   total 57344K, used 23496K [0x00000000c9400000, 0x0000000100000000)
  region size 1024K, 2 young (2048K), 2 survivors (2048K)
 Metaspace       used 541K, capacity 4667K, committed 4864K, reserved 1056768K
  class space    used 49K, capacity 425K, committed 512K, reserved 1048576K
}
Event: 0.560 GC heap before
{Heap before GC invocations=4 (full 0):
 garbage-first heap   total 57344K, used 29640K [0x00000000c9400000, 0x0000000100000000)
  region size 1024K, 9 young (9216K), 2 survivors (2048K)
 Metaspace       used 541K, capacity 4667K, committed 4864K, reserved 1056768K
  class space    used 49K, capacity 425K, committed 512K, reserved 1048576K
}
Event: 0.578 GC heap after
{Heap after GC invocations=5 (full 0):
 garbage-first heap   total 95232K, used 30586K [0x00000000c9400000, 0x0000000100000000)
  region size 1024K, 2 young (2048K), 2 survivors (2048K)
 Metaspace       used 541K, capacity 4667K, committed 4864K, reserved 1056768K
  class space    used 49K, capacity 425K, committed 512K, reserved 1048576K
}
Event: 0.660 GC heap before
{Heap before GC invocations=5 (full 0):
 garbage-first heap   total 95232K, used 45946K [0x00000000c9400000, 0x0000000100000000)
  region size 1024K, 17 young (17408K), 2 survivors (2048K)
 Metaspace       used 541K, capacity 4667K, committed 4864K, reserved 1056768K
  class space    used 49K, capacity 425K, committed 512K, reserved 1048576K
}
Event: 0.673 GC heap after
{Heap after GC invocations=6 (full 0):
 garbage-first heap   total 95232K, used 45698K [0x00000000c9400000, 0x0000000100000000)
  region size 1024K, 3 young (3072K), 3 survivors (3072K)
 Metaspace       used 541K, capacity 4667K, committed 4864K, reserved 1056768K
  class space    used 49K, capacity 425K, committed 512K, reserved 1048576K
}
Event: 0.715 GC heap before
{Heap before GC invocations=6 (full 0):
 garbage-first heap   total 95232K, used 56962K [0x00000000c9400000, 0x0000000100000000)
  region size 1024K, 14 young (14336K), 3 survivors (3072K)
 Metaspace       used 541K, capacity 4667K, committed 4864K, reserved 1056768K
  class space    used 49K, capacity 425K, committed 512K, reserved 1048576K
}
Event: 0.721 GC heap after
{Heap after GC invocations=7 (full 0):
 garbage-first heap   total 95232K, used 57099K [0x00000000c9400000, 0x0000000100000000)
  region size 1024K, 2 young (2048K), 2 survivors (2048K)
 Metaspace       used 541K, capacity 4667K, committed 4864K, reserved 1056768K
  class space    used 49K, capacity 425K, committed 512K, reserved 1048576K
}
Event: 0.758 GC heap before
{Heap before GC invocations=8 (full 0):
 garbage-first heap   total 97280K, used 63243K [0x00000000c9400000, 0x0000000100000000)
  region size 1024K, 9 young (9216K), 2 survivors (2048K)
 Metaspace       used 541K, capacity 4667K, committed 4864K, reserved 1056768K
  class space    used 49K, capacity 425K, committed 512K, reserved 1048576K
}
Event: 0.763 GC heap after
{Heap after GC invocations=9 (full 0):
 garbage-first heap   total 97280K, used 65024K [0x00000000c9400000, 0x0000000100000000)
  region size 1024K, 2 young (2048K), 2 survivors (2048K)
 Metaspace       used 541K, capacity 4667K, committed 4864K, reserved 1056768K
  class space    used 49K, capacity 425K, committed 512K, reserved 1048576K
}
Event: 0.787 GC heap before
{Heap before GC invocations=9 (full 0):
 garbage-first heap   total 97280K, used 70144K [0x00000000c9400000, 0x0000000100000000)
  region size 1024K, 7 young (7168K), 2 survivors (2048K)
 Metaspace       used 541K, capacity 4667K, committed 4864K, reserved 1056768K
  class space    used 49K, capacity 425K, committed 512K, reserved 1048576K
}
Event: 0.792 GC heap after
{Heap after GC invocations=10 (full 0):
 garbage-first heap   total 194560K, used 70656K [0x00000000c9400000, 0x0000000100000000)
  region size 1024K, 1 young (1024K), 1 survivors (1024K)
 Metaspace       used 541K, capacity 4667K, committed 4864K, reserved 1056768K
  class space    used 49K, capacity 425K, committed 512K, reserved 1048576K
}
Event: 0.932 GC heap before
{Heap before GC invocations=11 (full 0):
 garbage-first heap   total 194560K, used 102400K [0x00000000c9400000, 0x0000000100000000)
  region size 1024K, 32 young (32768K), 1 survivors (1024K)
 Metaspace       used 541K, capacity 4667K, committed 4864K, reserved 1056768K
  class space    used 49K, capacity 425K, committed 512K, reserved 1048576K
}
Event: 1.106 GC heap after
{Heap after GC invocations=12 (full 0):
 garbage-first heap   total 194560K, used 102400K [0x00000000c9400000, 0x0000000100000000)
  region size 1024K, 4 young (4096K), 4 survivors (4096K)
 Metaspace       used 541K, capacity 4667K, committed 4864K, reserved 1056768K
  class space    used 49K, capacity 425K, committed 512K, reserved 1048576K
}
Event: 1.454 GC heap before
{Heap before GC invocations=12 (full 0):
 garbage-first heap   total 194560K, used 123904K [0x00000000c9400000, 0x0000000100000000)
  region size 1024K, 25 young (25600K), 4 survivors (4096K)
 Metaspace       used 541K, capacity 4667K, committed 4864K, reserved 1056768K
  class space    used 49K, capacity 425K, committed 512K, reserved 1048576K
}
Event: 1.472 GC heap after
{Heap after GC invocations=13 (full 0):
 garbage-first heap   total 194560K, used 123904K [0x00000000c9400000, 0x0000000100000000)
  region size 1024K, 4 young (4096K), 4 survivors (4096K)
 Metaspace       used 541K, capacity 4667K, committed 4864K, reserved 1056768K
  class space    used 49K, capacity 425K, committed 512K, reserved 1048576K
}
Event: 1.880 GC heap before
{Heap before GC invocations=14 (full 0):
 garbage-first heap   total 209920K, used 139264K [0x00000000c9400000, 0x0000000100000000)
  region size 1024K, 19 young (19456K), 4 survivors (4096K)
 Metaspace       used 541K, capacity 4667K, committed 4864K, reserved 1056768K
  class space    used 49K, capacity 425K, committed 512K, reserved 1048576K
}
Event: 2.038 GC heap after
{Heap after GC invocations=15 (full 0):
 garbage-first heap   total 209920K, used 139776K [0x00000000c9400000, 0x0000000100000000)
  region size 1024K, 3 young (3072K), 3 survivors (3072K)
 Metaspace       used 541K, capacity 4667K, committed 4864K, reserved 1056768K
  class space    used 49K, capacity 425K, committed 512K, reserved 1048576K
}
Event: 2.684 GC heap before
{Heap before GC invocations=15 (full 0):
 garbage-first heap   total 209920K, used 154112K [0x00000000c9400000, 0x0000000100000000)
  region size 1024K, 17 young (17408K), 3 survivors (3072K)
 Metaspace       used 541K, capacity 4667K, committed 4864K, reserved 1056768K
  class space    used 49K, capacity 425K, committed 512K, reserved 1048576K
}

