# JRE version: Java(TM) SE Runtime Environment (14.0.2+12) (build 14.0.2+12-46)
# Java VM: Java HotSpot(TM) 64-Bit Server VM (14.0.2+12-46, mixed mode, sharing, tiered, compressed oops, g1 gc, windows-amd64)
Heap:
 garbage-first heap   total 419840K, used 250595K [0x00000000c9400000, 0x0000000100000000)
  region size 1024K, 5 young (5120K), 4 survivors (4096K)
 Metaspace       used 554K, capacity 4667K, committed 4864K, reserved 1056768K
  class space    used 53K, capacity 425K, committed 512K, reserved 1048576K
GC Heap History (20 events):
Event: 105.011 GC heap before
{Heap before GC invocations=25 (full 0):
 garbage-first heap   total 173056K, used 108679K [0x00000000c9400000, 0x0000000100000000)
  region size 1024K, 9 young (9216K), 2 survivors (2048K)
 Metaspace       used 554K, capacity 4667K, committed 4864K, reserved 1056768K
  class space    used 53K, capacity 425K, committed 512K, reserved 1048576K
}
Event: 105.018 GC heap after
{Heap after GC invocations=26 (full 0):
 garbage-first heap   total 173056K, used 108618K [0x00000000c9400000, 0x0000000100000000)
  region size 1024K, 2 young (2048K), 2 survivors (2048K)
 Metaspace       used 554K, capacity 4667K, committed 4864K, reserved 1056768K
  class space    used 53K, capacity 425K, committed 512K, reserved 1048576K
}
Event: 113.284 GC heap before
{Heap before GC invocations=26 (full 0):
 garbage-first heap   total 173056K, used 121930K [0x00000000c9400000, 0x0000000100000000)
  region size 1024K, 15 young (15360K), 2 survivors (2048K)
 Metaspace       used 554K, capacity 4667K, committed 4864K, reserved 1056768K
  class space    used 53K, capacity 425K, committed 512K, reserved 1048576K
}
Event: 113.292 GC heap after
{Heap after GC invocations=27 (full 0):
 garbage-first heap   total 173056K, used 121776K [0x00000000c9400000, 0x0000000100000000)
  region size 1024K, 2 young (2048K), 2 survivors (2048K)
 Metaspace       used 554K, capacity 4667K, committed 4864K, reserved 1056768K
  class space    used 53K, capacity 425K, committed 512K, reserved 1048576K
}
Event: 121.078 GC heap before
{Heap before GC invocations=28 (full 0):
 garbage-first heap   total 204800K, used 130992K [0x00000000c9400000, 0x0000000100000000)
  region size 1024K, 11 young (11264K), 2 survivors (2048K)
 Metaspace       used 554K, capacity 4667K, committed 4864K, reserved 1056768K
  class space    used 53K, capacity 425K, committed 512K, reserved 1048576K
}
Event: 121.086 GC heap after
{Heap after GC invocations=29 (full 0):
 garbage-first heap   total 204800K, used 130874K [0x00000000c9400000, 0x0000000100000000)
  region size 1024K, 2 young (2048K), 2 survivors (2048K)
 Metaspace       used 554K, capacity 4667K, committed 4864K, reserved 1056768K
  class space    used 53K, capacity 425K, committed 512K, reserved 1048576K
}
Event: 130.360 GC heap before
{Heap before GC invocations=29 (full 0):
 garbage-first heap   total 204800K, used 145210K [0x00000000c9400000, 0x0000000100000000)
  region size 1024K, 17 young (17408K), 2 survivors (2048K)
 Metaspace       used 554K, capacity 4667K, committed 4864K, reserved 1056768K
  class space    used 53K, capacity 425K, committed 512K, reserved 1048576K
}
Event: 130.368 GC heap after
{Heap after GC invocations=30 (full 0):
 garbage-first heap   total 204800K, used 145993K [0x00000000c9400000, 0x0000000100000000)
  region size 1024K, 3 young (3072K), 3 survivors (3072K)
 Metaspace       used 554K, capacity 4667K, committed 4864K, reserved 1056768K
  class space    used 53K, capacity 425K, committed 512K, reserved 1048576K
}
Event: 135.669 GC heap before
{Heap before GC invocations=31 (full 0):
 garbage-first heap   total 245760K, used 155209K [0x00000000c9400000, 0x0000000100000000)
  region size 1024K, 12 young (12288K), 3 survivors (3072K)
 Metaspace       used 554K, capacity 4667K, committed 4864K, reserved 1056768K
  class space    used 53K, capacity 425K, committed 512K, reserved 1048576K
}
Event: 135.675 GC heap after
{Heap after GC invocations=32 (full 0):
 garbage-first heap   total 245760K, used 155097K [0x00000000c9400000, 0x0000000100000000)
  region size 1024K, 2 young (2048K), 2 survivors (2048K)
 Metaspace       used 554K, capacity 4667K, committed 4864K, reserved 1056768K
  class space    used 53K, capacity 425K, committed 512K, reserved 1048576K
}
Event: 148.341 GC heap before
{Heap before GC invocations=32 (full 0):
 garbage-first heap   total 245760K, used 174553K [0x00000000c9400000, 0x0000000100000000)
  region size 1024K, 21 young (21504K), 2 survivors (2048K)
 Metaspace       used 554K, capacity 4667K, committed 4864K, reserved 1056768K
  class space    used 53K, capacity 425K, committed 512K, reserved 1048576K
}
Event: 148.349 GC heap after
{Heap after GC invocations=33 (full 0):
 garbage-first heap   total 245760K, used 174389K [0x00000000c9400000, 0x0000000100000000)
  region size 1024K, 3 young (3072K), 3 survivors (3072K)
 Metaspace       used 554K, capacity 4667K, committed 4864K, reserved 1056768K
  class space    used 53K, capacity 425K, committed 512K, reserved 1048576K
}
Event: 153.202 GC heap before
{Heap before GC invocations=34 (full 0):
 garbage-first heap   total 293888K, used 185653K [0x00000000c9400000, 0x0000000100000000)
  region size 1024K, 14 young (14336K), 3 survivors (3072K)
 Metaspace       used 554K, capacity 4667K, committed 4864K, reserved 1056768K
  class space    used 53K, capacity 425K, committed 512K, reserved 1048576K
}
Event: 153.210 GC heap after
{Heap after GC invocations=35 (full 0):
 garbage-first heap   total 293888K, used 185534K [0x00000000c9400000, 0x0000000100000000)
  region size 1024K, 2 young (2048K), 2 survivors (2048K)
 Metaspace       used 554K, capacity 4667K, committed 4864K, reserved 1056768K
  class space    used 53K, capacity 425K, committed 512K, reserved 1048576K
}
Event: 163.388 GC heap before
{Heap before GC invocations=35 (full 0):
 garbage-first heap   total 293888K, used 209086K [0x00000000c9400000, 0x0000000100000000)
  region size 1024K, 25 young (25600K), 2 survivors (2048K)
 Metaspace       used 554K, capacity 4667K, committed 4864K, reserved 1056768K
  class space    used 53K, capacity 425K, committed 512K, reserved 1048576K
}
Event: 163.398 GC heap after
{Heap after GC invocations=36 (full 0):
 garbage-first heap   total 293888K, used 208957K [0x00000000c9400000, 0x0000000100000000)
  region size 1024K, 4 young (4096K), 4 survivors (4096K)
 Metaspace       used 554K, capacity 4667K, committed 4864K, reserved 1056768K
  class space    used 53K, capacity 425K, committed 512K, reserved 1048576K
}
Event: 172.263 GC heap before
{Heap before GC invocations=37 (full 0):
 garbage-first heap   total 352256K, used 223293K [0x00000000c9400000, 0x0000000100000000)
  region size 1024K, 18 young (18432K), 4 survivors (4096K)
 Metaspace       used 554K, capacity 4667K, committed 4864K, reserved 1056768K
  class space    used 53K, capacity 425K, committed 512K, reserved 1048576K
}
Event: 172.275 GC heap after
{Heap after GC invocations=38 (full 0):
 garbage-first heap   total 352256K, used 223275K [0x00000000c9400000, 0x0000000100000000)
  region size 1024K, 3 young (3072K), 3 survivors (3072K)
 Metaspace       used 554K, capacity 4667K, committed 4864K, reserved 1056768K
  class space    used 53K, capacity 425K, committed 512K, reserved 1048576K
}
Event: 186.946 GC heap before
{Heap before GC invocations=38 (full 0):
 garbage-first heap   total 352256K, used 250923K [0x00000000c9400000, 0x0000000100000000)
  region size 1024K, 30 young (30720K), 3 survivors (3072K)
 Metaspace       used 554K, capacity 4667K, committed 4864K, reserved 1056768K
  class space    used 53K, capacity 425K, committed 512K, reserved 1048576K
}
Event: 186.957 GC heap after
{Heap after GC invocations=39 (full 0):
 garbage-first heap   total 352256K, used 250595K [0x00000000c9400000, 0x0000000100000000)
  region size 1024K, 4 young (4096K), 4 survivors (4096K)
 Metaspace       used 554K, capacity 4667K, committed 4864K, reserved 1056768K
  class space    used 53K, capacity 425K, committed 512K, reserved 1048576K
}

